<?xml version="1.0" encoding="UTF-8"?>
<testsuite xmlns:xsi="http://www.w3.org/2001/XMLSchema-instance" xsi:noNamespaceSchemaLocation="https://maven.apache.org/surefire/maven-surefire-plugin/xsd/surefire-test-report-3.0.xsd" version="3.0" name="com.example.jpatutorial.JpaTutorialApplicationTests" time="11.426" tests="1" errors="0" skipped="0" failures="0">
  <properties>
[...]
</properties>
  <testcase name="contextLoads" classname="com.example.jpatutorial.JpaTutorialApplicationTests" time="0.881">
    <system-out><![CDATA[23:03:17.307 [main] INFO org.springframework.test.context.support.AnnotationConfigContextLoaderUtils -- Could not detect default configuration classes for test class [com.example.jpatutorial.JpaTutorialApplicationTests]: JpaTutorialApplicationTests does not declare any static, non-private, non-final, nested classes annotated with @Configuration.
23:03:17.524 [main] INFO org.springframework.boot.test.context.SpringBootTestContextBootstrapper -- Found @SpringBootConfiguration com.example.jpatutorial.JpaTutorialApplication for test class com.example.jpatutorial.JpaTutorialApplicationTests

  .   ____          _            __ _ _
 /\\ / ___'_ __ _ _(_)_ __  __ _ \ \ \ \
( ( )\___ | '_ | '_| | '_ \/ _` | \ \ \ \
 \\/  ___)| |_)| | | | | || (_| |  ) ) ) )
  '  |____| .__|_| |_|_| |_\__, | / / / /
 =========|_|==============|___/=/_/_/_/
 :: Spring Boot ::                (v3.2.4)

2024-04-18T23:03:18.644+03:00  INFO 21436 --- [           main] c.e.j.JpaTutorialApplicationTests        : Starting JpaTutorialApplicationTests using Java 21.0.2 with PID 21436 (started by user in C:\Code\jpa-tutorial\jpa-tutorial)
2024-04-18T23:03:18.646+03:00  INFO 21436 --- [           main] c.e.j.JpaTutorialApplicationTests        : No active profile set, falling back to 1 default profile: "default"
2024-04-18T23:03:20.479+03:00  INFO 21436 --- [           main] .s.d.r.c.RepositoryConfigurationDelegate : Bootstrapping Spring Data JPA repositories in DEFAULT mode.
2024-04-18T23:03:20.614+03:00  INFO 21436 --- [           main] .s.d.r.c.RepositoryConfigurationDelegate : Finished Spring Data repository scanning in 116 ms. Found 1 JPA repository interface.
2024-04-18T23:03:21.610+03:00  INFO 21436 --- [           main] o.hibernate.jpa.internal.util.LogHelper  : HHH000204: Processing PersistenceUnitInfo [name: default]
2024-04-18T23:03:21.799+03:00  INFO 21436 --- [           main] org.hibernate.Version                    : HHH000412: Hibernate ORM core version 6.4.4.Final
2024-04-18T23:03:21.942+03:00  INFO 21436 --- [           main] o.h.c.internal.RegionFactoryInitiator    : HHH000026: Second-level cache disabled
2024-04-18T23:03:22.544+03:00  INFO 21436 --- [           main] o.s.o.j.p.SpringPersistenceUnitInfo      : No LoadTimeWeaver setup: ignoring JPA class transformer
2024-04-18T23:03:22.599+03:00  INFO 21436 --- [           main] com.zaxxer.hikari.HikariDataSource       : HikariPool-1 - Starting...
2024-04-18T23:03:23.156+03:00  INFO 21436 --- [           main] com.zaxxer.hikari.pool.HikariPool        : HikariPool-1 - Added connection org.postgresql.jdbc.PgConnection@7be38eba
2024-04-18T23:03:23.160+03:00  INFO 21436 --- [           main] com.zaxxer.hikari.HikariDataSource       : HikariPool-1 - Start completed.
2024-04-18T23:03:23.249+03:00  WARN 21436 --- [           main] org.hibernate.orm.deprecation            : HHH90000025: PostgreSQLDialect does not need to be specified explicitly using 'hibernate.dialect' (remove the property setting and it will be selected by default)
2024-04-18T23:03:25.604+03:00  INFO 21436 --- [           main] o.h.e.t.j.p.i.JtaPlatformInitiator       : HHH000489: No JTA platform available (set 'hibernate.transaction.jta.platform' to enable JTA platform integration)
Hibernate: alter table if exists authors_courses drop constraint if exists FKjjqbfcmtogakry57y9lh1dppi
2024-04-18T23:03:25.648+03:00  WARN 21436 --- [           main] o.h.engine.jdbc.spi.SqlExceptionHelper   : SQL Warning Code: 0, SQLState: 00000
2024-04-18T23:03:25.648+03:00  WARN 21436 --- [           main] o.h.engine.jdbc.spi.SqlExceptionHelper   : relation "authors_courses" does not exist, skipping
Hibernate: alter table if exists authors_courses drop constraint if exists FK3rul2ft7j0tugcncdsxuellui
2024-04-18T23:03:25.649+03:00  WARN 21436 --- [           main] o.h.engine.jdbc.spi.SqlExceptionHelper   : SQL Warning Code: 0, SQLState: 00000
2024-04-18T23:03:25.649+03:00  WARN 21436 --- [           main] o.h.engine.jdbc.spi.SqlExceptionHelper   : relation "authors_courses" does not exist, skipping
Hibernate: alter table if exists lecture drop constraint if exists FK6up9jdgoclsvv6pidsc9p43ie
2024-04-18T23:03:25.650+03:00  WARN 21436 --- [           main] o.h.engine.jdbc.spi.SqlExceptionHelper   : SQL Warning Code: 0, SQLState: 00000
2024-04-18T23:03:25.650+03:00  WARN 21436 --- [           main] o.h.engine.jdbc.spi.SqlExceptionHelper   : relation "lecture" does not exist, skipping
Hibernate: alter table if exists lecture drop constraint if exists FK568elaju5okd8k0hukt18mtk7
2024-04-18T23:03:25.651+03:00  WARN 21436 --- [           main] o.h.engine.jdbc.spi.SqlExceptionHelper   : SQL Warning Code: 0, SQLState: 00000
2024-04-18T23:03:25.651+03:00  WARN 21436 --- [           main] o.h.engine.jdbc.spi.SqlExceptionHelper   : relation "lecture" does not exist, skipping
Hibernate: alter table if exists resource drop constraint if exists FKgngcn4cvhvq3j4lvrg32fhrh7
2024-04-18T23:03:25.652+03:00  WARN 21436 --- [           main] o.h.engine.jdbc.spi.SqlExceptionHelper   : SQL Warning Code: 0, SQLState: 00000
2024-04-18T23:03:25.652+03:00  WARN 21436 --- [           main] o.h.engine.jdbc.spi.SqlExceptionHelper   : relation "resource" does not exist, skipping
Hibernate: alter table if exists section drop constraint if exists FKoy8uc0ftpivwopwf5ptwdtar0
2024-04-18T23:03:25.653+03:00  WARN 21436 --- [           main] o.h.engine.jdbc.spi.SqlExceptionHelper   : SQL Warning Code: 0, SQLState: 00000
2024-04-18T23:03:25.653+03:00  WARN 21436 --- [           main] o.h.engine.jdbc.spi.SqlExceptionHelper   : relation "section" does not exist, skipping
Hibernate: drop table if exists author cascade
2024-04-18T23:03:25.654+03:00  WARN 21436 --- [           main] o.h.engine.jdbc.spi.SqlExceptionHelper   : SQL Warning Code: 0, SQLState: 00000
2024-04-18T23:03:25.654+03:00  WARN 21436 --- [           main] o.h.engine.jdbc.spi.SqlExceptionHelper   : table "author" does not exist, skipping
Hibernate: drop table if exists authors_courses cascade
2024-04-18T23:03:25.655+03:00  WARN 21436 --- [           main] o.h.engine.jdbc.spi.SqlExceptionHelper   : SQL Warning Code: 0, SQLState: 00000
2024-04-18T23:03:25.655+03:00  WARN 21436 --- [           main] o.h.engine.jdbc.spi.SqlExceptionHelper   : table "authors_courses" does not exist, skipping
Hibernate: drop table if exists course cascade
2024-04-18T23:03:25.655+03:00  WARN 21436 --- [           main] o.h.engine.jdbc.spi.SqlExceptionHelper   : SQL Warning Code: 0, SQLState: 00000
2024-04-18T23:03:25.656+03:00  WARN 21436 --- [           main] o.h.engine.jdbc.spi.SqlExceptionHelper   : table "course" does not exist, skipping
Hibernate: drop table if exists lecture cascade
2024-04-18T23:03:25.656+03:00  WARN 21436 --- [           main] o.h.engine.jdbc.spi.SqlExceptionHelper   : SQL Warning Code: 0, SQLState: 00000
2024-04-18T23:03:25.657+03:00  WARN 21436 --- [           main] o.h.engine.jdbc.spi.SqlExceptionHelper   : table "lecture" does not exist, skipping
Hibernate: drop table if exists resource cascade
2024-04-18T23:03:25.658+03:00  WARN 21436 --- [           main] o.h.engine.jdbc.spi.SqlExceptionHelper   : SQL Warning Code: 0, SQLState: 00000
2024-04-18T23:03:25.658+03:00  WARN 21436 --- [           main] o.h.engine.jdbc.spi.SqlExceptionHelper   : table "resource" does not exist, skipping
Hibernate: drop table if exists section cascade
2024-04-18T23:03:25.659+03:00  WARN 21436 --- [           main] o.h.engine.jdbc.spi.SqlExceptionHelper   : SQL Warning Code: 0, SQLState: 00000
2024-04-18T23:03:25.660+03:00  WARN 21436 --- [           main] o.h.engine.jdbc.spi.SqlExceptionHelper   : table "section" does not exist, skipping
Hibernate: drop sequence if exists author_seq
2024-04-18T23:03:25.661+03:00  WARN 21436 --- [           main] o.h.engine.jdbc.spi.SqlExceptionHelper   : SQL Warning Code: 0, SQLState: 00000
2024-04-18T23:03:25.661+03:00  WARN 21436 --- [           main] o.h.engine.jdbc.spi.SqlExceptionHelper   : sequence "author_seq" does not exist, skipping
Hibernate: drop sequence if exists course_seq
2024-04-18T23:03:25.663+03:00  WARN 21436 --- [           main] o.h.engine.jdbc.spi.SqlExceptionHelper   : SQL Warning Code: 0, SQLState: 00000
2024-04-18T23:03:25.664+03:00  WARN 21436 --- [           main] o.h.engine.jdbc.spi.SqlExceptionHelper   : sequence "course_seq" does not exist, skipping
Hibernate: drop sequence if exists lecture_seq
2024-04-18T23:03:25.665+03:00  WARN 21436 --- [           main] o.h.engine.jdbc.spi.SqlExceptionHelper   : SQL Warning Code: 0, SQLState: 00000
2024-04-18T23:03:25.665+03:00  WARN 21436 --- [           main] o.h.engine.jdbc.spi.SqlExceptionHelper   : sequence "lecture_seq" does not exist, skipping
Hibernate: drop sequence if exists resource_seq
2024-04-18T23:03:25.666+03:00  WARN 21436 --- [           main] o.h.engine.jdbc.spi.SqlExceptionHelper   : SQL Warning Code: 0, SQLState: 00000
2024-04-18T23:03:25.666+03:00  WARN 21436 --- [           main] o.h.engine.jdbc.spi.SqlExceptionHelper   : sequence "resource_seq" does not exist, skipping
Hibernate: drop sequence if exists section_seq
2024-04-18T23:03:25.666+03:00  WARN 21436 --- [           main] o.h.engine.jdbc.spi.SqlExceptionHelper   : SQL Warning Code: 0, SQLState: 00000
2024-04-18T23:03:25.666+03:00  WARN 21436 --- [           main] o.h.engine.jdbc.spi.SqlExceptionHelper   : sequence "section_seq" does not exist, skipping
Hibernate: create sequence author_seq start with 1 increment by 50
Hibernate: create sequence course_seq start with 1 increment by 50
Hibernate: create sequence lecture_seq start with 1 increment by 50
Hibernate: create sequence resource_seq start with 1 increment by 50
Hibernate: create sequence section_seq start with 1 increment by 50
Hibernate: create table author (age integer not null, id integer not null, created_at timestamp(6), last_modified_at timestamp(6), created_by varchar(255), email varchar(255), first_name varchar(255), last_modified_by varchar(255), last_name varchar(255), primary key (id))
Hibernate: create table authors_courses (author_id integer not null, course_id integer not null)
Hibernate: create table course (id integer not null, created_at timestamp(6), last_modified_at timestamp(6), created_by varchar(255), description varchar(255), last_modified_by varchar(255), title varchar(255), primary key (id))
Hibernate: create table lecture (id integer not null, resource_id integer unique, section_id integer, created_at timestamp(6), last_modified_at timestamp(6), created_by varchar(255), last_modified_by varchar(255), name varchar(255), primary key (id))
Hibernate: create table resource (id integer not null, lecture_id integer unique, size integer not null, created_at timestamp(6), last_modified_at timestamp(6), created_by varchar(255), last_modified_by varchar(255), name varchar(255), url varchar(255), primary key (id))
Hibernate: create table section (course_id integer, id integer not null, order_number integer not null, created_at timestamp(6), last_modified_at timestamp(6), created_by varchar(255), last_modified_by varchar(255), name varchar(255), primary key (id))
Hibernate: alter table if exists authors_courses add constraint FKjjqbfcmtogakry57y9lh1dppi foreign key (author_id) references author
Hibernate: alter table if exists authors_courses add constraint FK3rul2ft7j0tugcncdsxuellui foreign key (course_id) references course
Hibernate: alter table if exists lecture add constraint FK6up9jdgoclsvv6pidsc9p43ie foreign key (resource_id) references resource
Hibernate: alter table if exists lecture add constraint FK568elaju5okd8k0hukt18mtk7 foreign key (section_id) references section
Hibernate: alter table if exists resource add constraint FKgngcn4cvhvq3j4lvrg32fhrh7 foreign key (lecture_id) references lecture
Hibernate: alter table if exists section add constraint FKoy8uc0ftpivwopwf5ptwdtar0 foreign key (course_id) references course
2024-04-18T23:03:25.784+03:00  INFO 21436 --- [           main] j.LocalContainerEntityManagerFactoryBean : Initialized JPA EntityManagerFactory for persistence unit 'default'
2024-04-18T23:03:26.608+03:00  WARN 21436 --- [           main] JpaBaseConfiguration$JpaWebConfiguration : spring.jpa.open-in-view is enabled by default. Therefore, database queries may be performed during view rendering. Explicitly configure spring.jpa.open-in-view to disable this warning
2024-04-18T23:03:27.333+03:00  INFO 21436 --- [           main] c.e.j.JpaTutorialApplicationTests        : Started JpaTutorialApplicationTests in 9.359 seconds (process running for 11.56)
Hibernate: select nextval('author_seq')
Hibernate: insert into author (age,created_at,created_by,email,first_name,last_modified_at,last_modified_by,last_name,id) values (?,?,?,?,?,?,?,?,?)
]]></system-out>
    <system-err><![CDATA[WARNING: A Java agent has been loaded dynamically (C:\Users\user\.m2\repository\net\bytebuddy\byte-buddy-agent\1.14.12\byte-buddy-agent-1.14.12.jar)
WARNING: If a serviceability tool is in use, please run with -XX:+EnableDynamicAgentLoading to hide this warning
WARNING: If a serviceability tool is not in use, please run with -Djdk.instrument.traceUsage for more information
WARNING: Dynamic loading of agents will be disallowed by default in a future release
]]></system-err>
  </testcase>
</testsuite>